0 info it worked if it ends with ok
1 verbose cli [ '/Users/weesie.wilson/.nvm/versions/node/v5.5.0/bin/node',
1 verbose cli   '/Users/weesie.wilson/.nvm/versions/node/v5.5.0/bin/npm',
1 verbose cli   'run',
1 verbose cli   'start' ]
2 info using npm@3.3.12
3 info using node@v5.5.0
4 verbose run-script [ 'prestart', 'start', 'poststart' ]
5 info lifecycle public@1.0.0~prestart: public@1.0.0
6 silly lifecycle public@1.0.0~prestart: no script for prestart, continuing
7 info lifecycle public@1.0.0~start: public@1.0.0
8 verbose lifecycle public@1.0.0~start: unsafe-perm in lifecycle true
9 verbose lifecycle public@1.0.0~start: PATH: /Users/weesie.wilson/.nvm/versions/node/v5.5.0/lib/node_modules/npm/bin/node-gyp-bin:/Users/weesie.wilson/Desktop/crypto/public/node_modules/.bin:/Users/weesie.wilson/.nvm/versions/node/v5.5.0/bin:/usr/local/bin:/usr/bin:/bin:/usr/sbin:/sbin
10 verbose lifecycle public@1.0.0~start: CWD: /Users/weesie.wilson/Desktop/crypto/public
11 silly lifecycle public@1.0.0~start: Args: [ '-c',
11 silly lifecycle   'cd ../ && java -jar crypto/TalesFromTheCryptoGram-0.0.1-SNAPSHOT.jar' ]
12 silly lifecycle public@1.0.0~start: Returned: code: 1  signal: null
13 info lifecycle public@1.0.0~start: Failed to exec start script
14 verbose stack Error: public@1.0.0 start: `cd ../ && java -jar crypto/TalesFromTheCryptoGram-0.0.1-SNAPSHOT.jar`
14 verbose stack Exit status 1
14 verbose stack     at EventEmitter.<anonymous> (/Users/weesie.wilson/.nvm/versions/node/v5.5.0/lib/node_modules/npm/lib/utils/lifecycle.js:232:16)
14 verbose stack     at emitTwo (events.js:100:13)
14 verbose stack     at EventEmitter.emit (events.js:185:7)
14 verbose stack     at ChildProcess.<anonymous> (/Users/weesie.wilson/.nvm/versions/node/v5.5.0/lib/node_modules/npm/lib/utils/spawn.js:24:14)
14 verbose stack     at emitTwo (events.js:100:13)
14 verbose stack     at ChildProcess.emit (events.js:185:7)
14 verbose stack     at maybeClose (internal/child_process.js:821:16)
14 verbose stack     at Process.ChildProcess._handle.onexit (internal/child_process.js:211:5)
15 verbose pkgid public@1.0.0
16 verbose cwd /Users/weesie.wilson/Desktop/crypto/public
17 error Darwin 15.3.0
18 error argv "/Users/weesie.wilson/.nvm/versions/node/v5.5.0/bin/node" "/Users/weesie.wilson/.nvm/versions/node/v5.5.0/bin/npm" "run" "start"
19 error node v5.5.0
20 error npm  v3.3.12
21 error code ELIFECYCLE
22 error public@1.0.0 start: `cd ../ && java -jar crypto/TalesFromTheCryptoGram-0.0.1-SNAPSHOT.jar`
22 error Exit status 1
23 error Failed at the public@1.0.0 start script 'cd ../ && java -jar crypto/TalesFromTheCryptoGram-0.0.1-SNAPSHOT.jar'.
23 error Make sure you have the latest version of node.js and npm installed.
23 error If you do, this is most likely a problem with the public package,
23 error not with npm itself.
23 error Tell the author that this fails on your system:
23 error     cd ../ && java -jar crypto/TalesFromTheCryptoGram-0.0.1-SNAPSHOT.jar
23 error You can get their info via:
23 error     npm owner ls public
23 error There is likely additional logging output above.
24 verbose exit [ 1, true ]
